----------------------------------------------------------------
Tue Jul 20 18:15:58 MDT 2021:
Booting Derby version The Apache Software Foundation - Apache Derby - 10.14.2.0 - (1828579): instance a816c00e-017a-c66b-4b17-00000c211220 
on database directory /Users/jottley/GitHub/duplicate dashboard/duplicate/target/dbdir with class loader jdk.internal.loader.ClassLoaders$AppClassLoader@5c29bfd 
Loaded from file:/Users/jottley/.m2/repository/org/apache/derby/derby/10.14.2.0/derby-10.14.2.0.jar
java.vendor=Oracle Corporation
java.runtime.version=11.0.10+9
user.dir=/Users/jottley/GitHub/duplicate dashboard/duplicate
os.name=Mac OS X
os.arch=x86_64
os.version=11.4
derby.system.home=null
Database Class Loader started - derby.database.classpath=''
----------------------------------------------------------------
Wed Jul 21 11:03:07 MDT 2021:
Shutting down instance a816c00e-017a-c66b-4b17-00000c211220 on database directory /Users/jottley/GitHub/duplicate dashboard/duplicate/target/dbdir with class loader jdk.internal.loader.ClassLoaders$AppClassLoader@5c29bfd 
Wed Jul 21 11:03:07 MDT 2021 Thread[Thread-352,5,main] Cleanup action starting
ERROR XBM0I: Directory directory:target/dbdir cannot be removed.
	at org.apache.derby.iapi.error.StandardException.newException(Unknown Source)
	at org.apache.derby.iapi.error.StandardException.newException(Unknown Source)
	at org.apache.derby.iapi.services.monitor.Monitor.removePersistentService(Unknown Source)
	at org.apache.derby.impl.jdbc.EmbedConnection$6.run(Unknown Source)
	at java.base/java.security.AccessController.doPrivileged(Native Method)
	at org.apache.derby.impl.jdbc.EmbedConnection.removePersistentService(Unknown Source)
	at org.apache.derby.impl.jdbc.EmbedConnection.<init>(Unknown Source)
	at org.apache.derby.jdbc.InternalDriver$1.run(Unknown Source)
	at org.apache.derby.jdbc.InternalDriver$1.run(Unknown Source)
	at java.base/java.security.AccessController.doPrivileged(Native Method)
	at org.apache.derby.jdbc.InternalDriver.getNewEmbedConnection(Unknown Source)
	at org.apache.derby.jdbc.InternalDriver$LoginCallable.call(Unknown Source)
	at org.apache.derby.jdbc.InternalDriver$LoginCallable.call(Unknown Source)
	at java.base/java.util.concurrent.FutureTask.run(FutureTask.java:264)
	at java.base/java.util.concurrent.ThreadPoolExecutor.runWorker(ThreadPoolExecutor.java:1128)
	at java.base/java.util.concurrent.ThreadPoolExecutor$Worker.run(ThreadPoolExecutor.java:628)
	at java.base/java.lang.Thread.run(Thread.java:834)
Cleanup action completed
Wed Jul 21 11:03:07 MDT 2021 Thread[Thread-352,5,main] Cleanup action starting
ERROR XBM0I: Directory directory:target/dbdir cannot be removed.
	at org.apache.derby.iapi.error.StandardException.newException(Unknown Source)
	at org.apache.derby.iapi.error.StandardException.newException(Unknown Source)
	at org.apache.derby.iapi.services.monitor.Monitor.removePersistentService(Unknown Source)
	at org.apache.derby.impl.jdbc.EmbedConnection$6.run(Unknown Source)
	at java.base/java.security.AccessController.doPrivileged(Native Method)
	at org.apache.derby.impl.jdbc.EmbedConnection.removePersistentService(Unknown Source)
	at org.apache.derby.impl.jdbc.EmbedConnection.<init>(Unknown Source)
	at org.apache.derby.jdbc.InternalDriver$1.run(Unknown Source)
	at org.apache.derby.jdbc.InternalDriver$1.run(Unknown Source)
	at java.base/java.security.AccessController.doPrivileged(Native Method)
	at org.apache.derby.jdbc.InternalDriver.getNewEmbedConnection(Unknown Source)
	at org.apache.derby.jdbc.InternalDriver$LoginCallable.call(Unknown Source)
	at org.apache.derby.jdbc.InternalDriver$LoginCallable.call(Unknown Source)
	at java.base/java.util.concurrent.FutureTask.run(FutureTask.java:264)
	at java.base/java.util.concurrent.ThreadPoolExecutor.runWorker(ThreadPoolExecutor.java:1128)
	at java.base/java.util.concurrent.ThreadPoolExecutor$Worker.run(ThreadPoolExecutor.java:628)
	at java.base/java.lang.Thread.run(Thread.java:834)
Cleanup action completed
----------------------------------------------------------------
Wed Jul 21 11:03:09 MDT 2021:
Booting Derby version The Apache Software Foundation - Apache Derby - 10.14.2.0 - (1828579): instance 0a03cffb-017a-c66b-4b17-00000c211220 
on database directory /Users/jottley/GitHub/duplicate dashboard/duplicate/target/dbdir with class loader jdk.internal.loader.ClassLoaders$AppClassLoader@5c29bfd 
Loaded from file:/Users/jottley/.m2/repository/org/apache/derby/derby/10.14.2.0/derby-10.14.2.0.jar
java.vendor=Oracle Corporation
java.runtime.version=11.0.10+9
user.dir=/Users/jottley/GitHub/duplicate dashboard/duplicate
os.name=Mac OS X
os.arch=x86_64
os.version=11.4
derby.system.home=null
Database Class Loader started - derby.database.classpath=''
